Logfile initialized
[INFO] logfile = /Users/tokikawateppei/Documents/Titanium_Studio_Workspace/googleplayTest/build.log
[DEBUG] /Users/tokikawateppei/Library/Application Support/Titanium/mobilesdk/osx/2.1.4.GA/android/builder.py distribute googleplayTest /Users/tokikawateppei/Documents/androidSDK /Users/tokikawateppei/Documents/Titanium_Studio_Workspace/googleplayTest com.trd.googleplay.test /Users/tokikawateppei/Documents/ProjectKakeizu/GOOGLEplay/generatingKeysSample/android.keystoree trd0531 googleplaytest /Users/tokikawateppei/Documents/ProjectKakeizu/GOOGLEplay/ 2
[INFO] Titanium SDK version: 2.1.4 (11/09/12 12:46 51f2c64)
[INFO] Copying CommonJS modules...
[INFO] Copying project resources..
[TRACE] Generating Java Classes
[DEBUG] Processing Android resource drawables
[DEBUG] copying app icon: /Users/tokikawateppei/Documents/Titanium_Studio_Workspace/googleplayTest/build/android/bin/assets/Resources/appicon.png
[DEBUG] generating theme.xml
[DEBUG] found drawable-long-land-hdpi splash screen at /Users/tokikawateppei/Documents/Titanium_Studio_Workspace/googleplayTest/Resources/android/images/res-long-land-hdpi/default.png
[DEBUG] copying /Users/tokikawateppei/Documents/Titanium_Studio_Workspace/googleplayTest/Resources/android/images/res-long-land-hdpi/default.png splash screen to /Users/tokikawateppei/Documents/Titanium_Studio_Workspace/googleplayTest/build/android/res/drawable-long-land-hdpi/background.png
[DEBUG] found drawable-long-land-ldpi splash screen at /Users/tokikawateppei/Documents/Titanium_Studio_Workspace/googleplayTest/Resources/android/images/res-long-land-ldpi/default.png
[DEBUG] copying /Users/tokikawateppei/Documents/Titanium_Studio_Workspace/googleplayTest/Resources/android/images/res-long-land-ldpi/default.png splash screen to /Users/tokikawateppei/Documents/Titanium_Studio_Workspace/googleplayTest/build/android/res/drawable-long-land-ldpi/background.png
[DEBUG] found drawable-long-port-hdpi splash screen at /Users/tokikawateppei/Documents/Titanium_Studio_Workspace/googleplayTest/Resources/android/images/res-long-port-hdpi/default.png
[DEBUG] copying /Users/tokikawateppei/Documents/Titanium_Studio_Workspace/googleplayTest/Resources/android/images/res-long-port-hdpi/default.png splash screen to /Users/tokikawateppei/Documents/Titanium_Studio_Workspace/googleplayTest/build/android/res/drawable-long-port-hdpi/background.png
[DEBUG] found drawable-long-port-ldpi splash screen at /Users/tokikawateppei/Documents/Titanium_Studio_Workspace/googleplayTest/Resources/android/images/res-long-port-ldpi/default.png
[DEBUG] copying /Users/tokikawateppei/Documents/Titanium_Studio_Workspace/googleplayTest/Resources/android/images/res-long-port-ldpi/default.png splash screen to /Users/tokikawateppei/Documents/Titanium_Studio_Workspace/googleplayTest/build/android/res/drawable-long-port-ldpi/background.png
[DEBUG] found drawable-notlong-land-hdpi splash screen at /Users/tokikawateppei/Documents/Titanium_Studio_Workspace/googleplayTest/Resources/android/images/res-notlong-land-hdpi/default.png
[DEBUG] copying /Users/tokikawateppei/Documents/Titanium_Studio_Workspace/googleplayTest/Resources/android/images/res-notlong-land-hdpi/default.png splash screen to /Users/tokikawateppei/Documents/Titanium_Studio_Workspace/googleplayTest/build/android/res/drawable-notlong-land-hdpi/background.png
[DEBUG] found drawable-notlong-land-ldpi splash screen at /Users/tokikawateppei/Documents/Titanium_Studio_Workspace/googleplayTest/Resources/android/images/res-notlong-land-ldpi/default.png
[DEBUG] copying /Users/tokikawateppei/Documents/Titanium_Studio_Workspace/googleplayTest/Resources/android/images/res-notlong-land-ldpi/default.png splash screen to /Users/tokikawateppei/Documents/Titanium_Studio_Workspace/googleplayTest/build/android/res/drawable-notlong-land-ldpi/background.png
[DEBUG] found drawable-notlong-land-mdpi splash screen at /Users/tokikawateppei/Documents/Titanium_Studio_Workspace/googleplayTest/Resources/android/images/res-notlong-land-mdpi/default.png
[DEBUG] copying /Users/tokikawateppei/Documents/Titanium_Studio_Workspace/googleplayTest/Resources/android/images/res-notlong-land-mdpi/default.png splash screen to /Users/tokikawateppei/Documents/Titanium_Studio_Workspace/googleplayTest/build/android/res/drawable-notlong-land-mdpi/background.png
[DEBUG] found drawable-notlong-port-hdpi splash screen at /Users/tokikawateppei/Documents/Titanium_Studio_Workspace/googleplayTest/Resources/android/images/res-notlong-port-hdpi/default.png
[DEBUG] copying /Users/tokikawateppei/Documents/Titanium_Studio_Workspace/googleplayTest/Resources/android/images/res-notlong-port-hdpi/default.png splash screen to /Users/tokikawateppei/Documents/Titanium_Studio_Workspace/googleplayTest/build/android/res/drawable-notlong-port-hdpi/background.png
[DEBUG] found drawable-notlong-port-ldpi splash screen at /Users/tokikawateppei/Documents/Titanium_Studio_Workspace/googleplayTest/Resources/android/images/res-notlong-port-ldpi/default.png
[DEBUG] copying /Users/tokikawateppei/Documents/Titanium_Studio_Workspace/googleplayTest/Resources/android/images/res-notlong-port-ldpi/default.png splash screen to /Users/tokikawateppei/Documents/Titanium_Studio_Workspace/googleplayTest/build/android/res/drawable-notlong-port-ldpi/background.png
[DEBUG] found drawable-notlong-port-mdpi splash screen at /Users/tokikawateppei/Documents/Titanium_Studio_Workspace/googleplayTest/Resources/android/images/res-notlong-port-mdpi/default.png
[DEBUG] copying /Users/tokikawateppei/Documents/Titanium_Studio_Workspace/googleplayTest/Resources/android/images/res-notlong-port-mdpi/default.png splash screen to /Users/tokikawateppei/Documents/Titanium_Studio_Workspace/googleplayTest/build/android/res/drawable-notlong-port-mdpi/background.png
[DEBUG] found splash screen at /Users/tokikawateppei/Documents/Titanium_Studio_Workspace/googleplayTest/build/android/bin/assets/Resources/default.png
[TRACE] Writing out AndroidManifest.xml
[DEBUG] adding /Users/tokikawateppei/Documents/Titanium_Studio_Workspace/googleplayTest/build/android/gen/com/trd/googleplay/test/AssetCryptImpl.java to javac build list
[DEBUG] adding /Users/tokikawateppei/Documents/Titanium_Studio_Workspace/googleplayTest/build/android/gen/com/trd/googleplay/test/GoogleplaytestActivity.java to javac build list
[DEBUG] adding /Users/tokikawateppei/Documents/Titanium_Studio_Workspace/googleplayTest/build/android/gen/com/trd/googleplay/test/GoogleplaytestAppInfo.java to javac build list
[DEBUG] adding /Users/tokikawateppei/Documents/Titanium_Studio_Workspace/googleplayTest/build/android/gen/com/trd/googleplay/test/GoogleplaytestApplication.java to javac build list
[DEBUG] adding /Users/tokikawateppei/Documents/Titanium_Studio_Workspace/googleplayTest/build/android/gen/com/trd/googleplay/test/R.java to javac build list
[DEBUG] Building Java Sources: "/Users/tokikawateppei/Documents/Titanium_Studio_Workspace/googleplayTest/build/android/gen/com/trd/googleplay/test/AssetCryptImpl.java" "/Users/tokikawateppei/Documents/Titanium_Studio_Workspace/googleplayTest/build/android/gen/com/trd/googleplay/test/GoogleplaytestActivity.java" "/Users/tokikawateppei/Documents/Titanium_Studio_Workspace/googleplayTest/build/android/gen/com/trd/googleplay/test/GoogleplaytestAppInfo.java" "/Users/tokikawateppei/Documents/Titanium_Studio_Workspace/googleplayTest/build/android/gen/com/trd/googleplay/test/GoogleplaytestApplication.java" "/Users/tokikawateppei/Documents/Titanium_Studio_Workspace/googleplayTest/build/android/gen/com/trd/googleplay/test/R.java"
[INFO] Compiling Android Resources... This could take some time
[DEBUG] Android classes.dex built
[DEBUG] creating unsigned apk: /Users/tokikawateppei/Documents/Titanium_Studio_Workspace/googleplayTest/build/android/bin/app-unsigned.apk
[DEBUG] from resource zip => assets/Resources/KS_nav_ui.png
[DEBUG] from resource zip => assets/Resources/KS_nav_views.png
[DEBUG] from resource zip => assets/Resources/appicon.png
[DEBUG] from resource zip => assets/Resources/default.png
[DEBUG] from resource zip => assets/app.json
[DEBUG] from resource zip => assets/index.json
[DEBUG] from resource zip => assets/tiapp.xml
[DEBUG] from resource zip => res/drawable/appicon.png
[DEBUG] from resource zip => res/drawable/background.png
[DEBUG] from resource zip => res/layout/titanium_tabgroup.xml
[DEBUG] from resource zip => AndroidManifest.xml
[DEBUG] from resource zip => resources.arsc
[DEBUG] from resource zip => res/drawable-long-land-hdpi/background.png
[DEBUG] from resource zip => res/drawable-long-land-ldpi/background.png
[DEBUG] from resource zip => res/drawable-long-port-hdpi/background.png
[DEBUG] from resource zip => res/drawable-long-port-ldpi/background.png
[DEBUG] from resource zip => res/drawable-notlong-land-hdpi/background.png
[DEBUG] from resource zip => res/drawable-notlong-land-ldpi/background.png
[DEBUG] from resource zip => res/drawable-notlong-land-mdpi/background.png
[DEBUG] from resource zip => res/drawable-notlong-port-hdpi/background.png
[DEBUG] from resource zip => res/drawable-notlong-port-ldpi/background.png
[DEBUG] from resource zip => res/drawable-notlong-port-mdpi/background.png
[DEBUG] from JAR /Users/tokikawateppei/Library/Application Support/Titanium/mobilesdk/osx/2.1.4.GA/android/titanium.jar => org/appcelerator/titanium/build.properties
[DEBUG] from JAR /Users/tokikawateppei/Library/Application Support/Titanium/mobilesdk/osx/2.1.4.GA/android/titanium.jar => org/appcelerator/titanium/res/drawable/background.png
[DEBUG] from JAR /Users/tokikawateppei/Library/Application Support/Titanium/mobilesdk/osx/2.1.4.GA/android/titanium.jar => org/appcelerator/titanium/res/drawable/btn_check_buttonless_on.png
[DEBUG] from JAR /Users/tokikawateppei/Library/Application Support/Titanium/mobilesdk/osx/2.1.4.GA/android/titanium.jar => org/appcelerator/titanium/res/drawable/btn_check_buttonless_on_18.png
[DEBUG] from JAR /Users/tokikawateppei/Library/Application Support/Titanium/mobilesdk/osx/2.1.4.GA/android/titanium.jar => org/appcelerator/titanium/res/drawable/btn_check_buttonless_on_48.png
[DEBUG] from JAR /Users/tokikawateppei/Library/Application Support/Titanium/mobilesdk/osx/2.1.4.GA/android/titanium.jar => org/appcelerator/titanium/res/drawable/btn_more.png
[DEBUG] from JAR /Users/tokikawateppei/Library/Application Support/Titanium/mobilesdk/osx/2.1.4.GA/android/titanium.jar => org/appcelerator/titanium/res/drawable/btn_more_18.png
[DEBUG] from JAR /Users/tokikawateppei/Library/Application Support/Titanium/mobilesdk/osx/2.1.4.GA/android/titanium.jar => org/appcelerator/titanium/res/drawable/btn_more_48.png
[DEBUG] from JAR /Users/tokikawateppei/Library/Application Support/Titanium/mobilesdk/osx/2.1.4.GA/android/titanium.jar => org/appcelerator/titanium/res/drawable/btn_picker_normal.9.png
[DEBUG] from JAR /Users/tokikawateppei/Library/Application Support/Titanium/mobilesdk/osx/2.1.4.GA/android/titanium.jar => org/appcelerator/titanium/res/drawable/btn_picker_pressed.9.png
[DEBUG] from JAR /Users/tokikawateppei/Library/Application Support/Titanium/mobilesdk/osx/2.1.4.GA/android/titanium.jar => org/appcelerator/titanium/res/drawable/btn_picker_selected.9.png
[DEBUG] from JAR /Users/tokikawateppei/Library/Application Support/Titanium/mobilesdk/osx/2.1.4.GA/android/titanium.jar => org/appcelerator/titanium/res/drawable/default_icon.png
[DEBUG] from JAR /Users/tokikawateppei/Library/Application Support/Titanium/mobilesdk/osx/2.1.4.GA/android/titanium.jar => org/appcelerator/titanium/res/drawable/photoDefault.png
[DEBUG] from JAR /Users/tokikawateppei/Library/Application Support/Titanium/mobilesdk/osx/2.1.4.GA/android/modules/titanium-ui.jar => ti/modules/titanium/ui/widget/webview/binding.js
[DEBUG] from JAR /Users/tokikawateppei/Library/Application Support/Titanium/mobilesdk/osx/2.1.4.GA/android/modules/titanium-ui.jar => ti/modules/titanium/ui/widget/webview/binding.min.js
[DEBUG] from JAR /Users/tokikawateppei/Library/Application Support/Titanium/mobilesdk/osx/2.1.4.GA/android/modules/titanium-ui.jar => ti/modules/titanium/ui/widget/webview/json2.js
[DEBUG] from JAR /Users/tokikawateppei/Library/Application Support/Titanium/mobilesdk/osx/2.1.4.GA/android/modules/titanium-ui.jar => ti/modules/titanium/ui/widget/webview/polling.js
[DEBUG] from JAR /Users/tokikawateppei/Library/Application Support/Titanium/mobilesdk/osx/2.1.4.GA/android/modules/titanium-ui.jar => ti/modules/titanium/ui/widget/webview/polling.min.js
[DEBUG] installing native lib: /Users/tokikawateppei/Library/Application Support/Titanium/modules/android/ti.inappbilling/2.2.0/libs/armeabi/libti.inappbilling.so
[DEBUG] installing native lib: /Users/tokikawateppei/Library/Application Support/Titanium/modules/android/ti.inappbilling/2.2.0/libs/armeabi-v7a/libti.inappbilling.so
[DEBUG] installing native SDK libs
